<?xml version="1.0" encoding="UTF-8"?>
<testsuite name="CountryInfoService.CountryInfoServiceSoapBinding TestSuite" tests="1" failures="0" errors="0" time="1.081"><properties><property name="sun.desktop" value="windows"/><property name="awt.toolkit" value="sun.awt.windows.WToolkit"/><property name="java.specification.version" value="11"/><property name="sun.cpu.isalist" value="amd64"/><property name="sun.jnu.encoding" value="Cp1252"/><property name="java.class.path" value="C:\Maven\apache-maven-3.8.7\boot\plexus-classworlds-2.6.0.jar"/><property name="sun.awt.enableExtraMouseButtons" value="true"/><property name="java.vm.vendor" value="Oracle Corporation"/><property name="sun.arch.data.model" value="64"/><property name="user.variant" value=""/><property name="java.vendor.url" value="https://openjdk.java.net/"/><property name="user.timezone" value="Asia/Karachi"/><property name="maven.conf" value="C:\Maven\apache-maven-3.8.7/conf"/><property name="os.name" value="Windows 10"/><property name="java.vm.specification.version" value="11"/><property name="sun.java.launcher" value="SUN_STANDARD"/><property name="user.country" value="US"/><property name="sun.boot.library.path" value="C:\Program Files\Java\jdk-11\bin"/><property name="sun.java.command" value="org.codehaus.plexus.classworlds.launcher.Launcher test"/><property name="jdk.debug" value="release"/><property name="maven.home" value="C:\Maven\apache-maven-3.8.7"/><property name="sun.cpu.endian" value="little"/><property name="user.home" value="C:\Users\FaizaAslam"/><property name="user.language" value="en"/><property name="sun.stderr.encoding" value="cp437"/><property name="java.specification.vendor" value="Oracle Corporation"/><property name="java.version.date" value="2023-01-17"/><property name="java.home" value="C:\Program Files\Java\jdk-11"/><property name="file.separator" value="\"/><property name="java.vm.compressedOopsMode" value="Zero based"/><property name="line.separator" value="
"/><property name="sun.stdout.encoding" value="cp437"/><property name="java.specification.name" value="Java Platform API Specification"/><property name="java.vm.specification.vendor" value="Oracle Corporation"/><property name="java.awt.graphicsenv" value="sun.awt.Win32GraphicsEnvironment"/><property name="soapui.browser.disabled" value="true"/><property name="user.script" value=""/><property name="sun.management.compiler" value="HotSpot 64-Bit Tiered Compilers"/><property name="java.runtime.version" value="11.0.18+9-LTS-195"/><property name="user.name" value="FaizaMuhammad"/><property name="path.separator" value=";"/><property name="os.version" value="10.0"/><property name="java.runtime.name" value="Java(TM) SE Runtime Environment"/><property name="file.encoding" value="Cp1252"/><property name="guice.disable.misplaced.annotation.check" value="true"/><property name="java.vm.name" value="Java HotSpot(TM) 64-Bit Server VM"/><property name="java.vendor.version" value="18.9"/><property name="java.vendor.url.bug" value="https://bugreport.java.com/bugreport/"/><property name="java.io.tmpdir" value="C:\Users\FAIZAA~1\AppData\Local\Temp\"/><property name="java.version" value="11.0.18"/><property name="user.dir" value="C:\Users\FaizaAslam\Downloads\udemy-soapui-mvn-master\udemy-soapui-mvn-master"/><property name="os.arch" value="amd64"/><property name="maven.multiModuleProjectDirectory" value="C:\Users\FaizaAslam\Downloads\udemy-soapui-mvn-master\udemy-soapui-mvn-master"/><property name="java.vm.specification.name" value="Java Virtual Machine Specification"/><property name="java.awt.printerjob" value="sun.awt.windows.WPrinterJob"/><property name="sun.os.patch.level" value=""/><property name="java.library.path" value="C:\Program Files\Java\jdk-11\bin;C:\Windows\Sun\Java\bin;C:\Windows\system32;C:\Windows;C:\Program Files (x86)\RSA SecurID Token Common;C:\Program Files\RSA SecurID Token Common;C:\Program Files\ImageMagick-7.1.1-Q16-HDRI;C:\Program Files\Common Files\Oracle\Java\javapath;C:\Program Files (x86)\Common Files\Oracle\Java\javapath;C:\Windows\system32;C:\Windows;C:\Windows\System32\Wbem;C:\Windows\System32\WindowsPowerShell\v1.0\;C:\Windows\System32\OpenSSH\;C:\Program Files (x86)\nodejs\node_modules\npm\bin;C:\Gradle\gradle-7.6\bin;C:\Maven\apache-maven-3.8.7\bin;C:\Program Files\PuTTY\;C:\Users\FaizaAslam\AppData\Roaming\nvm;C:\Program Files\nodejs;C:\Users\FaizaAslam\AppData\Local\Android\Sdk\tools\bin;C:\Users\FaizaAslam\AppData\Local\Android\Sdk\platform-tools;C:\Program Files\TortoiseGit\bin;C:\Program Files\Docker\Docker\resources\bin;C:\Program Files\Git\cmd;C:\Program Files\nodejs\;C:\Program Files\dotnet\;C:\Program Files (x86)\WiX Toolset v3.11\bin;C:\Program Files\Java\jdk-11\bin;C:\Program Files\k6\;C:\Program Files\PowerShell\7\;C:\Program Files\RSA SecurID Token Common\;C:\Users\FaizaAslam\AppData\Local\Programs\Microsoft VS Code\bin;."/><property name="java.vendor" value="Oracle Corporation"/><property name="java.vm.info" value="mixed mode"/><property name="java.vm.version" value="11.0.18+9-LTS-195"/><property name="classworlds.conf" value="C:\Maven\apache-maven-3.8.7\bin\m2.conf"/><property name="sun.io.unicode.encoding" value="UnicodeLittle"/><property name="library.jansi.path" value="C:\Maven\apache-maven-3.8.7\lib\jansi-native"/><property name="java.class.version" value="55.0"/></properties><testcase name="CapitalCity TestCase" time="1.081"/></testsuite>